<?xml version="1.0" encoding="UTF-8"?>
<testsuite name="ErrorHandlingTest" tests="11" skipped="0" failures="0" errors="0" timestamp="2023-06-27T12:54:51" hostname="LAPTOP-FIUDGPT7" time="0.064">
  <properties/>
  <testcase name="testThrowIllegalArgumentExceptionWithDetailMessage" classname="ErrorHandlingTest" time="0.053"/>
  <testcase name="testReturnOptionalInstance" classname="ErrorHandlingTest" time="0.0"/>
  <testcase name="testThrowCustomUncheckedException" classname="ErrorHandlingTest" time="0.001"/>
  <testcase name="testThrowCustomCheckedExceptionWithDetailMessage" classname="ErrorHandlingTest" time="0.001"/>
  <testcase name="testThrowCustomUncheckedExceptionWithDetailMessage" classname="ErrorHandlingTest" time="0.0"/>
  <testcase name="testThrowIllegalArgumentException" classname="ErrorHandlingTest" time="0.0"/>
  <testcase name="testThrowAnyUncheckedException" classname="ErrorHandlingTest" time="0.001"/>
  <testcase name="testThrowAnyCheckedExceptionWithDetailMessage" classname="ErrorHandlingTest" time="0.001"/>
  <testcase name="testThrowAnyCheckedException" classname="ErrorHandlingTest" time="0.0"/>
  <testcase name="testThrowAnyUncheckedExceptionWithDetailMessage" classname="ErrorHandlingTest" time="0.001"/>
  <testcase name="testThrowCustomCheckedException" classname="ErrorHandlingTest" time="0.001"/>
  <system-out><![CDATA[]]></system-out>
  <system-err><![CDATA[]]></system-err>
</testsuite>
