<?xml version="1.0" encoding="UTF-8"?>
<testsuite name="ResistorColorTest" tests="4" skipped="0" failures="0" errors="0" timestamp="2023-06-27T11:24:27" hostname="LAPTOP-FIUDGPT7" time="0.084">
  <properties/>
  <testcase name="testWhiteColorCode" classname="ResistorColorTest" time="0.07"/>
  <testcase name="testColors" classname="ResistorColorTest" time="0.012"/>
  <testcase name="testBlackColorCode" classname="ResistorColorTest" time="0.0"/>
  <testcase name="testOrangeColorCode" classname="ResistorColorTest" time="0.0"/>
  <system-out><![CDATA[]]></system-out>
  <system-err><![CDATA[]]></system-err>
</testsuite>
